This is pdfTeX, Version 3.141592653-2.6-1.40.29 (TeX Live 2026) (preloaded format=pdflatex 2026.4.17)  17 APR 2026 12:35
entering extended mode
 restricted \write18 enabled.
 %&-line parsing enabled.
**Avocado_Update.tex
(./Avocado_Update.tex
LaTeX2e <2025-11-01>
L3 programming layer <2026-03-20>
(./interact.cls
Document Class: interact 2016/10/17 v1.03 Interact LaTeX document class
(c:/Users/caldwellaaron/AppData/Roaming/TinyTeX/texmf-dist/tex/latex/base/article.cls
Document Class: article 2025/01/22 v1.4n Standard LaTeX document class
(c:/Users/caldwellaaron/AppData/Roaming/TinyTeX/texmf-dist/tex/latex/base/size11.clo
File: size11.clo 2025/01/22 v1.4n Standard LaTeX file (size option)
)
\c@part=\count275
\c@section=\count276
\c@subsection=\count277
\c@subsubsection=\count278
\c@paragraph=\count279
\c@subparagraph=\count280
\c@figure=\count281
\c@table=\count282
\abovecaptionskip=\skip49
\belowcaptionskip=\skip50
\bibindent=\dimen150
) (c:/Users/caldwellaaron/AppData/Roaming/TinyTeX/texmf-dist/tex/latex/amsmath/amsmath.sty
Package: amsmath 2025/07/09 v2.17z AMS math features
\@mathmargin=\skip51
For additional information on amsmath, use the `?' option.
(c:/Users/caldwellaaron/AppData/Roaming/TinyTeX/texmf-dist/tex/latex/amsmath/amstext.sty
Package: amstext 2024/11/17 v2.01 AMS text
(c:/Users/caldwellaaron/AppData/Roaming/TinyTeX/texmf-dist/tex/latex/amsmath/amsgen.sty
File: amsgen.sty 1999/11/30 v2.0 generic functions
\@emptytoks=\toks17
\ex@=\dimen151
)) (c:/Users/caldwellaaron/AppData/Roaming/TinyTeX/texmf-dist/tex/latex/amsmath/amsbsy.sty
Package: amsbsy 1999/11/29 v1.2d Bold Symbols
\pmbraise@=\dimen152
) (c:/Users/caldwellaaron/AppData/Roaming/TinyTeX/texmf-dist/tex/latex/amsmath/amsopn.sty
Package: amsopn 2022/04/08 v2.04 operator names
)
\inf@bad=\count283
LaTeX Info: Redefining \frac on input line 233.
\uproot@=\count284
\leftroot@=\count285
LaTeX Info: Redefining \overline on input line 398.
LaTeX Info: Redefining \colon on input line 409.
\classnum@=\count286
\DOTSCASE@=\count287
LaTeX Info: Redefining \ldots on input line 495.
LaTeX Info: Redefining \dots on input line 498.
LaTeX Info: Redefining \cdots on input line 619.
\Mathstrutbox@=\box53
\strutbox@=\box54
LaTeX Info: Redefining \big on input line 721.
LaTeX Info: Redefining \Big on input line 722.
LaTeX Info: Redefining \bigg on input line 723.
LaTeX Info: Redefining \Bigg on input line 724.
\big@size=\dimen153
LaTeX Font Info:    Redeclaring font encoding OML on input line 742.
LaTeX Font Info:    Redeclaring font encoding OMS on input line 743.
\macc@depth=\count288
LaTeX Info: Redefining \bmod on input line 904.
LaTeX Info: Redefining \pmod on input line 909.
LaTeX Info: Redefining \smash on input line 939.
LaTeX Info: Redefining \relbar on input line 969.
LaTeX Info: Redefining \Relbar on input line 970.
\c@MaxMatrixCols=\count289
\dotsspace@=\muskip17
\c@parentequation=\count290
\dspbrk@lvl=\count291
\tag@help=\toks18
\row@=\count292
\column@=\count293
\maxfields@=\count294
\andhelp@=\toks19
\eqnshift@=\dimen154
\alignsep@=\dimen155
\tagshift@=\dimen156
\tagwidth@=\dimen157
\totwidth@=\dimen158
\lineht@=\dimen159
\@envbody=\toks20
\multlinegap=\skip52
\multlinetaggap=\skip53
\mathdisplay@stack=\toks21
LaTeX Info: Redefining \[ on input line 2950.
LaTeX Info: Redefining \] on input line 2951.
) (c:/Users/caldwellaaron/AppData/Roaming/TinyTeX/texmf-dist/tex/latex/amsfonts/amssymb.sty
Package: amssymb 2013/01/14 v3.01 AMS font symbols
(c:/Users/caldwellaaron/AppData/Roaming/TinyTeX/texmf-dist/tex/latex/amsfonts/amsfonts.sty
Package: amsfonts 2013/01/14 v3.01 Basic AMSFonts support
\symAMSa=\mathgroup4
\symAMSb=\mathgroup5
LaTeX Font Info:    Redeclaring math symbol \hbar on input line 98.
LaTeX Font Info:    Overwriting math alphabet `\mathfrak' in version `bold'
(Font)                  U/euf/m/n --> U/euf/b/n on input line 106.
)) (c:/Users/caldwellaaron/AppData/Roaming/TinyTeX/texmf-dist/tex/latex/amscls/amsthm.sty
Package: amsthm 2020/05/29 v2.20.6
\thm@style=\toks22
\thm@bodyfont=\toks23
\thm@headfont=\toks24
\thm@notefont=\toks25
\thm@headpunct=\toks26
\thm@preskip=\skip54
\thm@postskip=\skip55
\thm@headsep=\skip56
\dth@everypar=\toks27
) (c:/Users/caldwellaaron/AppData/Roaming/TinyTeX/texmf-dist/tex/latex/booktabs/booktabs.sty
Package: booktabs 2020/01/12 v1.61803398 Publication quality tables
\heavyrulewidth=\dimen160
\lightrulewidth=\dimen161
\cmidrulewidth=\dimen162
\belowrulesep=\dimen163
\belowbottomsep=\dimen164
\aboverulesep=\dimen165
\abovetopsep=\dimen166
\cmidrulesep=\dimen167
\cmidrulekern=\dimen168
\defaultaddspace=\dimen169
\@cmidla=\count295
\@cmidlb=\count296
\@aboverulesep=\dimen170
\@belowrulesep=\dimen171
\@thisruleclass=\count297
\@lastruleclass=\count298
\@thisrulewidth=\dimen172
) (c:/Users/caldwellaaron/AppData/Roaming/TinyTeX/texmf-dist/tex/latex/graphics/epsfig.sty
Package: epsfig 2024/01/14 v1.7b (e)psfig emulation (SPQR)
(c:/Users/caldwellaaron/AppData/Roaming/TinyTeX/texmf-dist/tex/latex/graphics/graphicx.sty
Package: graphicx 2024/12/31 v1.2e Enhanced LaTeX Graphics (DPC,SPQR)
(c:/Users/caldwellaaron/AppData/Roaming/TinyTeX/texmf-dist/tex/latex/graphics/keyval.sty
Package: keyval 2022/05/29 v1.15 key=value parser (DPC)
\KV@toks@=\toks28
) (c:/Users/caldwellaaron/AppData/Roaming/TinyTeX/texmf-dist/tex/latex/graphics/graphics.sty
Package: graphics 2024/08/06 v1.4g Standard LaTeX Graphics (DPC,SPQR)
(c:/Users/caldwellaaron/AppData/Roaming/TinyTeX/texmf-dist/tex/latex/graphics/trig.sty
Package: trig 2023/12/02 v1.11 sin cos tan (DPC)
) (c:/Users/caldwellaaron/AppData/Roaming/TinyTeX/texmf-dist/tex/latex/graphics-cfg/graphics.cfg
File: graphics.cfg 2016/06/04 v1.11 sample graphics configuration
)
Package graphics Info: Driver file: pdftex.def on input line 106.
(c:/Users/caldwellaaron/AppData/Roaming/TinyTeX/texmf-dist/tex/latex/graphics-def/pdftex.def
File: pdftex.def 2025/09/29 v1.2d Graphics/color driver for pdftex
))
\Gin@req@height=\dimen173
\Gin@req@width=\dimen174
)
\epsfxsize=\dimen175
\epsfysize=\dimen176
) (c:/Users/caldwellaaron/AppData/Roaming/TinyTeX/texmf-dist/tex/latex/graphics/rotating.sty
Package: rotating 2025/01/14 v2.16e rotated objects in LaTeX
(c:/Users/caldwellaaron/AppData/Roaming/TinyTeX/texmf-dist/tex/latex/base/ifthen.sty
Package: ifthen 2024/03/16 v1.1e Standard LaTeX ifthen package (DPC)
)
\c@r@tfl@t=\count299
\rotFPtop=\skip57
\rotFPbot=\skip58
\rot@float@box=\box55
\rot@mess@toks=\toks29
) (c:/Users/caldwellaaron/AppData/Roaming/TinyTeX/texmf-dist/tex/latex/geometry/geometry.sty
Package: geometry 2026/03/07 v6.0 Page Geometry
(c:/Users/caldwellaaron/AppData/Roaming/TinyTeX/texmf-dist/tex/generic/iftex/ifvtex.sty
Package: ifvtex 2019/10/25 v1.7 ifvtex legacy package. Use iftex instead.
(c:/Users/caldwellaaron/AppData/Roaming/TinyTeX/texmf-dist/tex/generic/iftex/iftex.sty
Package: iftex 2024/12/12 v1.0g TeX engine tests
))
\Gm@cnth=\count300
\Gm@cntv=\count301
\c@Gm@tempcnt=\count302
\Gm@bindingoffset=\dimen177
\Gm@wd@mp=\dimen178
\Gm@odd@mp=\dimen179
\Gm@even@mp=\dimen180
\Gm@layoutwidth=\dimen181
\Gm@layoutheight=\dimen182
\Gm@layouthoffset=\dimen183
\Gm@layoutvoffset=\dimen184
\Gm@dimlist=\toks30
)
\c@mv@upright=\count303
\c@mv@boldupright=\count304
LaTeX Font Info:    Overwriting symbol font `letters' in version `upright'
(Font)                  OML/cmm/m/it --> OML/eur/m/n on input line 163.
LaTeX Font Info:    Overwriting symbol font `letters' in version `boldupright'
(Font)                  OML/cmm/m/it --> OML/eur/b/n on input line 164.
\figheight=\dimen185
\figwidth=\dimen186
\tabledim=\dimen187
\LabelSep=\dimen188
\TopSep=\skip59
) (c:/Users/caldwellaaron/AppData/Roaming/TinyTeX/texmf-dist/tex/latex/epstopdf-pkg/epstopdf.sty
Package: epstopdf 2020-01-24 v2.11 Conversion with epstopdf on the fly (HO)
(c:/Users/caldwellaaron/AppData/Roaming/TinyTeX/texmf-dist/tex/generic/infwarerr/infwarerr.sty
Package: infwarerr 2019/12/03 v1.5 Providing info/warning/error messages (HO)
) (c:/Users/caldwellaaron/AppData/Roaming/TinyTeX/texmf-dist/tex/latex/grfext/grfext.sty
Package: grfext 2019/12/03 v1.3 Manage graphics extensions (HO)
(c:/Users/caldwellaaron/AppData/Roaming/TinyTeX/texmf-dist/tex/generic/kvdefinekeys/kvdefinekeys.sty
Package: kvdefinekeys 2019-12-19 v1.6 Define keys (HO)
)) (c:/Users/caldwellaaron/AppData/Roaming/TinyTeX/texmf-dist/tex/latex/kvoptions/kvoptions.sty
Package: kvoptions 2022-06-15 v3.15 Key value format for package options (HO)
(c:/Users/caldwellaaron/AppData/Roaming/TinyTeX/texmf-dist/tex/generic/ltxcmds/ltxcmds.sty
Package: ltxcmds 2023-12-04 v1.26 LaTeX kernel commands for general use (HO)
) (c:/Users/caldwellaaron/AppData/Roaming/TinyTeX/texmf-dist/tex/latex/kvsetkeys/kvsetkeys.sty
Package: kvsetkeys 2022-10-05 v1.19 Key value parser (HO)
)) (c:/Users/caldwellaaron/AppData/Roaming/TinyTeX/texmf-dist/tex/generic/pdftexcmds/pdftexcmds.sty
Package: pdftexcmds 2020-06-27 v0.33 Utility functions of pdfTeX for LuaTeX (HO)
Package pdftexcmds Info: \pdf@primitive is available.
Package pdftexcmds Info: \pdf@ifprimitive is available.
Package pdftexcmds Info: \pdfdraftmode found.
) (c:/Users/caldwellaaron/AppData/Roaming/TinyTeX/texmf-dist/tex/latex/epstopdf-pkg/epstopdf-base.sty
Package: epstopdf-base 2020-01-24 v2.11 Base part for package epstopdf
Package epstopdf-base Info: Redefining graphics rule for `.eps' on input line 485.
Package grfext Info: Graphics extension search list:
(grfext)             [.pdf,.png,.jpg,.mps,.jpeg,.jbig2,.jb2,.PDF,.PNG,.JPG,.JPEG,.JBIG2,.JB2,.eps]
(grfext)             \AppendGraphicsExtensions on input line 504.
(c:/Users/caldwellaaron/AppData/Roaming/TinyTeX/texmf-dist/tex/latex/latexconfig/epstopdf-sys.cfg
File: epstopdf-sys.cfg 2010/07/13 v1.3 Configuration of (r)epstopdf for TeX Live
))) (c:/Users/caldwellaaron/AppData/Roaming/TinyTeX/texmf-dist/tex/latex/subfigure/subfigure.sty
Package: subfigure 2002/03/15 v2.1.5 subfigure package
\subfigtopskip=\skip60
\subfigcapskip=\skip61
\subfigcaptopadj=\dimen189
\subfigbottomskip=\skip62
\subfigcapmargin=\dimen190
\subfiglabelskip=\skip63
\c@subfigure=\count305
\c@lofdepth=\count306
\c@subtable=\count307
\c@lotdepth=\count308
****************************************
* Local config file subfigure.cfg used *
****************************************
(c:/Users/caldwellaaron/AppData/Roaming/TinyTeX/texmf-dist/tex/latex/subfigure/subfigure.cfg)
\subfig@top=\skip64
\subfig@bottom=\skip65
) (c:/Users/caldwellaaron/AppData/Roaming/TinyTeX/texmf-dist/tex/latex/natbib/natbib.sty
Package: natbib 2010/09/13 8.31b (PWD, AO)
\bibhang=\skip66
\bibsep=\skip67
LaTeX Info: Redefining \cite on input line 694.
\c@NAT@ctr=\count309
)
\c@theorem=\count310
\c@remark=\count311
\c@notation=\count312
(c:/Users/caldwellaaron/AppData/Roaming/TinyTeX/texmf-dist/tex/latex/graphics/color.sty
Package: color 2025/01/14 v1.3e Standard LaTeX Color (DPC)
(c:/Users/caldwellaaron/AppData/Roaming/TinyTeX/texmf-dist/tex/latex/graphics-cfg/color.cfg
File: color.cfg 2016/01/02 v1.6 sample color configuration
)
Package color Info: Driver file: pdftex.def on input line 149.
(c:/Users/caldwellaaron/AppData/Roaming/TinyTeX/texmf-dist/tex/latex/graphics/mathcolor.ltx)) (c:/Users/caldwellaaron/AppData/Roaming/TinyTeX/texmf-dist/tex/latex/fancyvrb/fancyvrb.sty
Package: fancyvrb 2025/07/28 4.6 verbatim text (tvz,hv)
\FV@CodeLineNo=\count313
\FV@InFile=\read2
\FV@TabBox=\box56
\c@FancyVerbLine=\count314
\FV@StepNumber=\count315
\FV@OutFile=\write3
) (c:/Users/caldwellaaron/AppData/Roaming/TinyTeX/texmf-dist/tex/latex/framed/framed.sty
Package: framed 2011/10/22 v 0.96: framed or shaded text with page breaks
\OuterFrameSep=\skip68
\fb@frw=\dimen191
\fb@frh=\dimen192
\FrameRule=\dimen193
\FrameSep=\dimen194
) (c:/Users/caldwellaaron/AppData/Roaming/TinyTeX/texmf-dist/tex/latex/hyperref/hyperref.sty
Package: hyperref 2026-01-29 v7.01p Hypertext links for LaTeX
(c:/Users/caldwellaaron/AppData/Roaming/TinyTeX/texmf-dist/tex/generic/pdfescape/pdfescape.sty
Package: pdfescape 2019/12/09 v1.15 Implements pdfTeX's escape features (HO)
) (c:/Users/caldwellaaron/AppData/Roaming/TinyTeX/texmf-dist/tex/latex/hycolor/hycolor.sty
Package: hycolor 2020-01-27 v1.10 Color options for hyperref/bookmark (HO)
) (c:/Users/caldwellaaron/AppData/Roaming/TinyTeX/texmf-dist/tex/latex/hyperref/nameref.sty
Package: nameref 2026-01-29 v2.58 Cross-referencing by name of section
(c:/Users/caldwellaaron/AppData/Roaming/TinyTeX/texmf-dist/tex/latex/refcount/refcount.sty
Package: refcount 2019/12/15 v3.6 Data extraction from label references (HO)
) (c:/Users/caldwellaaron/AppData/Roaming/TinyTeX/texmf-dist/tex/generic/gettitlestring/gettitlestring.sty
Package: gettitlestring 2019/12/15 v1.6 Cleanup title references (HO)
)
\c@section@level=\count316
) (c:/Users/caldwellaaron/AppData/Roaming/TinyTeX/texmf-dist/tex/latex/etoolbox/etoolbox.sty
Package: etoolbox 2025/10/02 v2.5m e-TeX tools for LaTeX (JAW)
\etb@tempcnta=\count317
) (c:/Users/caldwellaaron/AppData/Roaming/TinyTeX/texmf-dist/tex/generic/stringenc/stringenc.sty
Package: stringenc 2019/11/29 v1.12 Convert strings between diff. encodings (HO)
)
\@linkdim=\dimen195
\Hy@linkcounter=\count318
\Hy@pagecounter=\count319
(c:/Users/caldwellaaron/AppData/Roaming/TinyTeX/texmf-dist/tex/latex/hyperref/pd1enc.def
File: pd1enc.def 2026-01-29 v7.01p Hyperref: PDFDocEncoding definition (HO)
Now handling font encoding PD1 ...
... no UTF-8 mapping file for font encoding PD1
) (c:/Users/caldwellaaron/AppData/Roaming/TinyTeX/texmf-dist/tex/generic/intcalc/intcalc.sty
Package: intcalc 2019/12/15 v1.3 Expandable calculations with integers (HO)
)
\Hy@SavedSpaceFactor=\count320
(c:/Users/caldwellaaron/AppData/Roaming/TinyTeX/texmf-dist/tex/latex/hyperref/puenc.def
File: puenc.def 2026-01-29 v7.01p Hyperref: PDF Unicode definition (HO)
Now handling font encoding PU ...
... no UTF-8 mapping file for font encoding PU
)
Package hyperref Info: Hyper figures OFF on input line 4201.
Package hyperref Info: Link nesting OFF on input line 4206.
Package hyperref Info: Hyper index ON on input line 4209.
Package hyperref Info: Plain pages OFF on input line 4216.
Package hyperref Info: Backreferencing OFF on input line 4221.
Package hyperref Info: Implicit mode ON; LaTeX internals redefined.
Package hyperref Info: Bookmarks ON on input line 4468.
\c@Hy@tempcnt=\count321
(c:/Users/caldwellaaron/AppData/Roaming/TinyTeX/texmf-dist/tex/latex/url/url.sty
\Urlmuskip=\muskip18
Package: url 2013/09/16  ver 3.4  Verb mode for urls, etc.
)
LaTeX Info: Redefining \url on input line 4807.
\XeTeXLinkMargin=\dimen196
(c:/Users/caldwellaaron/AppData/Roaming/TinyTeX/texmf-dist/tex/generic/bitset/bitset.sty
Package: bitset 2019/12/09 v1.3 Handle bit-vector datatype (HO)
(c:/Users/caldwellaaron/AppData/Roaming/TinyTeX/texmf-dist/tex/generic/bigintcalc/bigintcalc.sty
Package: bigintcalc 2019/12/15 v1.5 Expandable calculations on big integers (HO)
))
\Fld@menulength=\count322
\Field@Width=\dimen197
\Fld@charsize=\dimen198
Package hyperref Info: Hyper figures OFF on input line 6084.
Package hyperref Info: Link nesting OFF on input line 6089.
Package hyperref Info: Hyper index ON on input line 6092.
Package hyperref Info: backreferencing OFF on input line 6099.
Package hyperref Info: Link coloring OFF on input line 6104.
Package hyperref Info: Link coloring with OCG OFF on input line 6109.
Package hyperref Info: PDF/A mode OFF on input line 6114.
\Hy@abspage=\count323
\c@Item=\count324
\c@Hfootnote=\count325
)
Package hyperref Info: Driver (autodetected): hpdftex.
(c:/Users/caldwellaaron/AppData/Roaming/TinyTeX/texmf-dist/tex/latex/hyperref/hpdftex.def
File: hpdftex.def 2026-01-29 v7.01p Hyperref driver for pdfTeX
\Fld@listcount=\count326
\c@bookmark@seq@number=\count327
(c:/Users/caldwellaaron/AppData/Roaming/TinyTeX/texmf-dist/tex/latex/rerunfilecheck/rerunfilecheck.sty
Package: rerunfilecheck 2025-06-21 v1.11 Rerun checks for auxiliary files (HO)
(c:/Users/caldwellaaron/AppData/Roaming/TinyTeX/texmf-dist/tex/generic/uniquecounter/uniquecounter.sty
Package: uniquecounter 2019/12/15 v1.4 Provide unlimited unique counter (HO)
)
Package uniquecounter Info: New unique counter `rerunfilecheck' on input line 284.
)
\Hy@SectionHShift=\skip69
) (c:/Users/caldwellaaron/AppData/Roaming/TinyTeX/texmf-dist/tex/latex/base/inputenc.sty
Package: inputenc 2024/02/08 v1.3d Input encoding file
\inpenc@prehook=\toks31
\inpenc@posthook=\toks32
)
Package hyperref Info: Option `colorlinks' set `true' on input line 86.
(c:/Users/caldwellaaron/AppData/Roaming/TinyTeX/texmf-dist/tex/latex/float/float.sty
Package: float 2001/11/08 v1.3d Float enhancements (AL)
\c@float@type=\count328
\float@exts=\toks33
\float@box=\box57
\@float@everytoks=\toks34
\@floatcapt=\box58
) (c:/Users/caldwellaaron/AppData/Roaming/TinyTeX/texmf-dist/tex/latex/l3backend/l3backend-pdftex.def
File: l3backend-pdftex.def 2026-02-18 L3 backend support: PDF output (pdfTeX)
\l__color_backend_stack_int=\count329
) (./Avocado_Update.aux)
\openout1 = `Avocado_Update.aux'.

LaTeX Font Info:    Checking defaults for OML/cmm/m/it on input line 90.
LaTeX Font Info:    ... okay on input line 90.
LaTeX Font Info:    Checking defaults for OMS/cmsy/m/n on input line 90.
LaTeX Font Info:    ... okay on input line 90.
LaTeX Font Info:    Checking defaults for OT1/cmr/m/n on input line 90.
LaTeX Font Info:    ... okay on input line 90.
LaTeX Font Info:    Checking defaults for T1/cmr/m/n on input line 90.
LaTeX Font Info:    ... okay on input line 90.
LaTeX Font Info:    Checking defaults for TS1/cmr/m/n on input line 90.
LaTeX Font Info:    ... okay on input line 90.
LaTeX Font Info:    Checking defaults for OMX/cmex/m/n on input line 90.
LaTeX Font Info:    ... okay on input line 90.
LaTeX Font Info:    Checking defaults for U/cmr/m/n on input line 90.
LaTeX Font Info:    ... okay on input line 90.
LaTeX Font Info:    Checking defaults for PD1/pdf/m/n on input line 90.
LaTeX Font Info:    ... okay on input line 90.
LaTeX Font Info:    Checking defaults for PU/pdf/m/n on input line 90.
LaTeX Font Info:    ... okay on input line 90.
*geometry* driver: auto-detecting
*geometry* detected driver: pdftex
*geometry* verbose mode - [ preamble ] result:
* driver: pdftex
* paper: <default>
* layout: <same size as paper>
* layoutoffset:(h,v)=(0.0pt,0.0pt)
* modes: 
* h-part:(L,W,R)=(94.75394pt, 408.0pt, 94.75394pt)
* v-part:(T,H,B)=(78.01874pt, 650.0pt, 117.0281pt)
* \paperwidth=597.50787pt
* \paperheight=845.04684pt
* \textwidth=408.0pt
* \textheight=650.0pt
* \oddsidemargin=22.48395pt
* \evensidemargin=22.48395pt
* \topmargin=-31.25125pt
* \headheight=12.0pt
* \headsep=25.0pt
* \topskip=11.0pt
* \footskip=30.0pt
* \marginparwidth=50.0pt
* \marginparsep=10.0pt
* \columnsep=12.0pt
* \skip\footins=10.0pt plus 4.0pt minus 2.0pt
* \hoffset=0.0pt
* \voffset=0.0pt
* \mag=1000
* \@twocolumnfalse
* \@twosidefalse
* \@mparswitchfalse
* \@reversemarginfalse
* (1in=72.27pt=25.4mm, 1cm=28.453pt)

Package hyperref Info: Link coloring ON on input line 90.
(./Avocado_Update.out) (./Avocado_Update.out)
\@outlinefile=\write4
\openout4 = `Avocado_Update.out'.


LaTeX Font Warning: Font shape `OT1/cmr/m/n' in size <13> not available
(Font)              size <12> substituted on input line 106.


LaTeX Font Warning: Font shape `OT1/cmr/bx/n' in size <13> not available
(Font)              size <12> substituted on input line 106.

LaTeX Font Info:    Calculating math sizes for size <11> on input line 106.

LaTeX Font Warning: Font shape `OT1/cmr/m/n' in size <5.5> not available
(Font)              size <5> substituted on input line 106.


LaTeX Font Warning: Font shape `OML/cmm/m/it' in size <5.5> not available
(Font)              size <5> substituted on input line 106.


LaTeX Font Warning: Font shape `OMS/cmsy/m/n' in size <5.5> not available
(Font)              size <5> substituted on input line 106.

LaTeX Font Info:    Trying to load font information for U+msa on input line 106.
(c:/Users/caldwellaaron/AppData/Roaming/TinyTeX/texmf-dist/tex/latex/amsfonts/umsa.fd
File: umsa.fd 2013/01/14 v3.01 AMS symbols A
)
LaTeX Font Info:    Trying to load font information for U+msb on input line 106.
(c:/Users/caldwellaaron/AppData/Roaming/TinyTeX/texmf-dist/tex/latex/amsfonts/umsb.fd
File: umsb.fd 2013/01/14 v3.01 AMS symbols B
)
Overfull \vbox (3.07916pt too high) has occurred while \output is active []

[1



{c:/Users/caldwellaaron/AppData/Roaming/TinyTeX/texmf-var/fonts/map/pdftex/updmap/pdftex.map}] [2]
<Avocado_Update_files/Avocado_Update_files/figure-latex/hypplot-1.pdf, id=251, 433.62pt x 198.7425pt>
File: Avocado_Update_files/Avocado_Update_files/figure-latex/hypplot-1.pdf Graphic file (type pdf)
<use Avocado_Update_files/Avocado_Update_files/figure-latex/hypplot-1.pdf>
Package pdftex.def Info: Avocado_Update_files/Avocado_Update_files/figure-latex/hypplot-1.pdf  used on input line 265.
(pdftex.def)             Requested size: 433.61894pt x 198.742pt.

Overfull \hbox (25.61894pt too wide) in paragraph at lines 265--267
 [][] 
 []

[3]
LaTeX Font Info:    Font shape `OT1/cmtt/bx/n' in size <11> not available
(Font)              Font shape `OT1/cmtt/m/n' tried instead on input line 280.

Overfull \hbox (23.15158pt too wide) in paragraph at lines 334--334
[]\OT1/cmtt/m/n/10.95 ## The null hypothesis test was non-significant, t(17.78) = -1.86, p = 0.08[] 
 []

[4
pdfTeX warning (ext4): destination with the same identifier (name{figure.1}) has been already used, duplicate ignored
<argument> ...shipout:D \box_use:N \l_shipout_box 
                                                  \__shipout_drop_firstpage_...
l.334 \end{verbatim}
                     <./Avocado_Update_files/Avocado_Update_files/figure-latex/hypplot-1.pdf>]
Overfull \hbox (69.14108pt too wide) in paragraph at lines 334--334
[]\OT1/cmtt/m/n/10.95 ## NHST: don't reject null significance hypothesis that the effect is equal to zero[] 
 []


Overfull \hbox (63.3924pt too wide) in paragraph at lines 334--334
[]\OT1/cmtt/m/n/10.95 ## Note: SMD confidence intervals are an approximation. See vignette("SMD_calcs").[] 
 []

[5]
<Avocado_Update_files/Avocado_Update_files/figure-latex/genericplot-1.pdf, id=284, 433.62pt x 361.35pt>
File: Avocado_Update_files/Avocado_Update_files/figure-latex/genericplot-1.pdf Graphic file (type pdf)
<use Avocado_Update_files/Avocado_Update_files/figure-latex/genericplot-1.pdf>
Package pdftex.def Info: Avocado_Update_files/Avocado_Update_files/figure-latex/genericplot-1.pdf  used on input line 352.
(pdftex.def)             Requested size: 433.61894pt x 361.34912pt.

Overfull \hbox (25.61894pt too wide) in paragraph at lines 352--361
 [][] 
 []

<Avocado_Update_files/Avocado_Update_files/figure-latex/cdplot-1.pdf, id=287, 433.62pt x 361.35pt>
File: Avocado_Update_files/Avocado_Update_files/figure-latex/cdplot-1.pdf Graphic file (type pdf)
<use Avocado_Update_files/Avocado_Update_files/figure-latex/cdplot-1.pdf>
Package pdftex.def Info: Avocado_Update_files/Avocado_Update_files/figure-latex/cdplot-1.pdf  used on input line 377.
(pdftex.def)             Requested size: 433.61894pt x 361.34912pt.

Overfull \hbox (25.61894pt too wide) in paragraph at lines 377--391
 [][] 
 []

[6
pdfTeX warning (ext4): destination with the same identifier (name{figure.2}) has been already used, duplicate ignored
<argument> ...shipout:D \box_use:N \l_shipout_box 
                                                  \__shipout_drop_firstpage_...
l.397 
       <./Avocado_Update_files/Avocado_Update_files/figure-latex/genericplot-1.pdf>] [7
pdfTeX warning (ext4): destination with the same identifier (name{figure.3}) has been already used, duplicate ignored
<argument> ...shipout:D \box_use:N \l_shipout_box 
                                                  \__shipout_drop_firstpage_...
l.397 
       <./Avocado_Update_files/Avocado_Update_files/figure-latex/cdplot-1.pdf>] [8]
Overfull \hbox (11.6542pt too wide) in paragraph at lines 442--442
[]\OT1/cmtt/m/n/10.95 ## The null hypothesis test was non-significant, t(90) = -0.458, p = 0.65[] 
 []


Overfull \hbox (63.3924pt too wide) in paragraph at lines 442--442
[]\OT1/cmtt/m/n/10.95 ## NHST: don't reject null significance hypothesis that the effect is equal to 7.5[] 
 []


Overfull \hbox (63.3924pt too wide) in paragraph at lines 442--442
[]\OT1/cmtt/m/n/10.95 ## Note: SMD confidence intervals are an approximation. See vignette("SMD_calcs").[] 
 []

[9] [10]
Overfull \hbox (11.6542pt too wide) in paragraph at lines 516--516
[]\OT1/cmtt/m/n/10.95 ## The null hypothesis test was significant, t(90) = 27.942, p = 3.91e-46[] 
 []


Overfull \hbox (34.64896pt too wide) in paragraph at lines 516--516
[]\OT1/cmtt/m/n/10.95 ## NHST: reject null significance hypothesis that the effect is equal to zero[] 
 []


Overfull \hbox (63.3924pt too wide) in paragraph at lines 516--516
[]\OT1/cmtt/m/n/10.95 ## Note: SMD confidence intervals are an approximation. See vignette("SMD_calcs").[] 
 []

[11]
LaTeX Font Info:    Trying to load font information for OML+cmtt on input line 565.
LaTeX Font Info:    No file OMLcmtt.fd. on input line 565.

LaTeX Font Warning: Font shape `OML/cmtt/m/n' undefined
(Font)              using `OML/cmm/m/it' instead
(Font)              for symbol `textless' on input line 565.

[12]
Overfull \hbox (1787.99872pt too wide) in paragraph at lines 613--613
[]\OT1/cmtt/m/n/10.95 ## [1] "The Welch Two Sample t-test is not statistically significant (t(17.776) = -1.27, p = 0.89, mean of group '1' = 0.75, mean of group '2' = 2.33, mean difference ('1' - '2') = -1.58, 90% C.I.[-3.05, -0.107]) at a 0.05 alpha-level. The null hypothesis cannot be rejected. At the desired error rate, it cannot be stated that the true difference in means is between -0.5 and 0.5."[] 
 []

<Avocado_Update_files/Avocado_Update_files/figure-latex/shplot1-1.pdf, id=335, 433.62pt x 252.945pt>
File: Avocado_Update_files/Avocado_Update_files/figure-latex/shplot1-1.pdf Graphic file (type pdf)
<use Avocado_Update_files/Avocado_Update_files/figure-latex/shplot1-1.pdf>
Package pdftex.def Info: Avocado_Update_files/Avocado_Update_files/figure-latex/shplot1-1.pdf  used on input line 629.
(pdftex.def)             Requested size: 433.61894pt x 252.94438pt.

Overfull \hbox (25.61894pt too wide) in paragraph at lines 629--630
 [][] 
 []

[13
pdfTeX warning (ext4): destination with the same identifier (name{figure.4}) has been already used, duplicate ignored
<argument> ...shipout:D \box_use:N \l_shipout_box 
                                                  \__shipout_drop_firstpage_...
l.633 \newpage
               <./Avocado_Update_files/Avocado_Update_files/figure-latex/shplot1-1.pdf>] [14] [15]
Overfull \hbox (17.4029pt too wide) in paragraph at lines 803--803
[]\OT1/cmtt/m/n/10.95 ##  Paired Sample bootstrapped Standardized Mean Difference (SMD; Hedges's[] 
 []


Underfull \hbox (badness 3536) in paragraph at lines 825--830
\OT1/cmr/m/n/10.95 Researchers some-times need to test that a cor-re-la-tion is prac-ti-cally zero.
 []


Underfull \hbox (badness 1072) in paragraph at lines 825--830
\OT1/cmr/m/n/10.95 The \OT1/cmtt/m/n/10.95 z[]cor[]test \OT1/cmr/m/n/10.95 func-tion pro-vides a para-met-ric ap-proach us-ing the Fisher z-
 []

[16] [17]
Overfull \hbox (1356.84714pt too wide) in paragraph at lines 902--902
[]\OT1/cmtt/m/n/10.95 ## [1] "The Bootstrapped Pearson's product-moment correlation (BCa) is not statistically significant (p = 0.983, r = 0.577, 90% C.I.[0.44, 0.69]) at a 0.05 alpha-level. The null hypothesis cannot be rejected. At the desired error rate, it cannot be stated that the true correlation is between 0.4 and -0.4."[] 
 []

[18]
Underfull \hbox (badness 7273) in paragraph at lines 972--976
[]\OT1/cmr/m/n/10.95 For com-par-ing cor-re-la-tion co-ef-fi-cients be-tween in-de-pen-dent stud-ies, the
 []


Overfull \hbox (17.4029pt too wide) in paragraph at lines 1001--1001
[]\OT1/cmtt/m/n/10.95 ##  Difference between two independent correlations (Fisher's z transform)[] 
 []

[19] [20]
Overfull \hbox (34.64896pt too wide) in paragraph at lines 1112--1112
[]\OT1/cmtt/m/n/10.95 ## NHST: reject null significance hypothesis that the effect is equal to zero[] 
 []


Package natbib Warning: Citation `fig-symmplot' on page 21 undefined on input line 1138.

<Avocado_Update_files/Avocado_Update_files/figure-latex/fig-symmplot-1.pdf, id=407, 469.755pt x 325.215pt>
File: Avocado_Update_files/Avocado_Update_files/figure-latex/fig-symmplot-1.pdf Graphic file (type pdf)
<use Avocado_Update_files/Avocado_Update_files/figure-latex/fig-symmplot-1.pdf>
Package pdftex.def Info: Avocado_Update_files/Avocado_Update_files/figure-latex/fig-symmplot-1.pdf  used on input line 1145.
(pdftex.def)             Requested size: 469.75386pt x 325.2142pt.

Overfull \hbox (61.75386pt too wide) in paragraph at lines 1145--1152
 [][] 
 []

[21] [22
pdfTeX warning (ext4): destination with the same identifier (name{figure.5}) has been already used, duplicate ignored
<argument> ...shipout:D \box_use:N \l_shipout_box 
                                                  \__shipout_drop_firstpage_...
l.1167 
        <./Avocado_Update_files/Avocado_Update_files/figure-latex/fig-symmplot-1.pdf>] [23] [24] [25]
Overfull \hbox (34.64896pt too wide) in paragraph at lines 1401--1401
[]\OT1/cmtt/m/n/10.95 ## NHST: reject null significance hypothesis that the effect is equal to zero[] 
 []

[26] [27]
Overfull \hbox (28.90027pt too wide) in paragraph at lines 1521--1521
[]\OT1/cmtt/m/n/10.95 ## The equivalence test was non-significant, t(23.96) = -1.363, p = 9.07e-01[] 
 []


Overfull \hbox (28.90027pt too wide) in paragraph at lines 1521--1521
[]\OT1/cmtt/m/n/10.95 ## The null hypothesis test was significant, t(23.96) = -3.826, p = 8.19e-04[] 
 []


Overfull \hbox (28.90027pt too wide) in paragraph at lines 1521--1521
[]\OT1/cmtt/m/n/10.95 ## NHST: reject null significance hypothesis that the effect is equal to one[] 
 []

[28]
Overfull \hbox (28.90027pt too wide) in paragraph at lines 1556--1556
[]\OT1/cmtt/m/n/10.95 ## The equivalence test was non-significant, t(23.96) = -1.363, p = 9.54e-01[] 
 []


Overfull \hbox (11.6542pt too wide) in paragraph at lines 1556--1556
[]\OT1/cmtt/m/n/10.95 ## The null hypothesis test was significant, t(23.96) = -3.826, p = 0e+00[] 
 []


Overfull \hbox (17.4029pt too wide) in paragraph at lines 1556--1556
[]\OT1/cmtt/m/n/10.95 ## NHST: reject null significance hypothesis that the effect is equal to 1[] 
 []

[29] [30]
Underfull \hbox (badness 2221) in paragraph at lines 1636--1639
\OT1/cmr/m/n/10.95 The \OT1/cmtt/m/n/10.95 equ[]anova \OT1/cmr/m/n/10.95 func-tion ac-cepts ob-jects from \OT1/cmtt/m/n/10.95 stats::aov\OT1/cmr/m/n/10.95 , \OT1/cmtt/m/n/10.95 car::Anova\OT1/cmr/m/n/10.95 , and
 []


Overfull \hbox (23.15158pt too wide) in paragraph at lines 1659--1659
[]\OT1/cmtt/m/n/10.95 ##        effect df1 df2   F.value       p.null       pes eqbound     p.equ[] 
 []


Overfull \hbox (23.15158pt too wide) in paragraph at lines 1659--1659
[]\OT1/cmtt/m/n/10.95 ## 1 (Intercept)   1   9 598.44917 1.526600e-09 0.9851839    0.35 0.9999997[] 
 []


Overfull \hbox (23.15158pt too wide) in paragraph at lines 1659--1659
[]\OT1/cmtt/m/n/10.95 ## 2       angle   2  18  40.71910 2.086763e-07 0.8189831    0.35 0.9992557[] 
 []


Overfull \hbox (23.15158pt too wide) in paragraph at lines 1659--1659
[]\OT1/cmtt/m/n/10.95 ## 3       noise   1   9  33.76596 2.559737e-04 0.7895522    0.35 0.9763228[] 
 []


Overfull \hbox (23.15158pt too wide) in paragraph at lines 1659--1659
[]\OT1/cmtt/m/n/10.95 ## 4 angle:noise   2  18  45.31034 9.424093e-08 0.8342857    0.35 0.9996103[] 
 []

[31]
Overfull \hbox (11.6542pt too wide) in paragraph at lines 1733--1733
[]\OT1/cmtt/m/n/10.95 ##      Approximate Power for Pearson Product-Moment Correlation (z-test)[] 
 []

[32] [33] [34] [35] [36] (./Avocado_Update.bbl
Underfull \hbox (badness 10000) in paragraph at lines 53--54
[]\OT1/cmr/m/n/10 Food and Drug Ad-min-is-tra-tion. 2014. \OT1/cmr/m/it/10 Bioavail-abil-ity and Bioe-quiv-a-lence
 []


Underfull \hbox (badness 10000) in paragraph at lines 53--54
\OT1/cmr/m/it/10 Stud-ies Sub-mit-ted in NDAs or INDs | Gen-eral Con-sid-er-a-tions\OT1/cmr/m/n/10 . Vol.
 []


Underfull \hbox (badness 10000) in paragraph at lines 53--54
\OT1/cmr/m/n/10 FDA-2014-D-0204. Cen-ter for Drug Eval-u-a-tion and Re-search. [][]$\OT1/cmtt/m/n/10 https : / /
 []


Underfull \hbox (badness 10000) in paragraph at lines 53--54
\OT1/cmtt/m/n/10 www . fda . gov / regulatory-[]information / search-[]fda-[]guidance-[]documents /
 []

[37] [38]
Underfull \hbox (badness 10000) in paragraph at lines 119--120
[]\OT1/cmr/m/n/10 Thulin, M^^Wans. 2024. ``Mod-ern Statis-tics with R.'' [][]$\OT1/cmtt/m/n/10 http : / / dx . doi . org / 10 . 1201 /
 []

)

Package natbib Warning: There were undefined citations.

[39] (./Avocado_Update.aux)
 ***********
LaTeX2e <2025-11-01>
L3 programming layer <2026-03-20>
 ***********

LaTeX Font Warning: Size substitutions with differences
(Font)              up to 1.0pt have occurred.


LaTeX Font Warning: Some font shapes were not available, defaults substituted.

Package rerunfilecheck Info: File `Avocado_Update.out' has not changed.
(rerunfilecheck)             Checksum: E81CA7E57956CE2E672C9473AAFC6643;7949.
 ) 
Here is how much of TeX's memory you used:
 12073 strings out of 469278
 189626 string characters out of 5461861
 614103 words of memory out of 5000000
 40609 multiletter control sequences out of 15000+600000
 639546 words of font info for 87 fonts, out of 8000000 for 9000
 36 hyphenation exceptions out of 8191
 87i,8n,93p,1053b,633s stack positions out of 10000i,1000n,20000p,200000b,200000s
 <c:/Users/caldwellaaron/AppData/Roaming/TinyTeX/texmf-var/fonts/pk/ljfour/jknappen/ec/tctt1095.600pk> <c:/Users/caldwellaaron/AppData/Roaming/TinyTeX/texmf-var/fonts/pk/ljfour/jknappen/ec/tcrm1095.600pk><c:/Users/caldwellaaron/AppData/Roaming/TinyTeX/texmf-dist/fonts/type1/public/amsfonts/cm/cmbx10.pfb><c:/Users/caldwellaaron/AppData/Roaming/TinyTeX/texmf-dist/fonts/type1/public/amsfonts/cm/cmbx12.pfb><c:/Users/caldwellaaron/AppData/Roaming/TinyTeX/texmf-dist/fonts/type1/public/amsfonts/cm/cmbx8.pfb><c:/Users/caldwellaaron/AppData/Roaming/TinyTeX/texmf-dist/fonts/type1/public/amsfonts/cm/cmbx9.pfb><c:/Users/caldwellaaron/AppData/Roaming/TinyTeX/texmf-dist/fonts/type1/public/amsfonts/cm/cmbxti10.pfb><c:/Users/caldwellaaron/AppData/Roaming/TinyTeX/texmf-dist/fonts/type1/public/amsfonts/cm/cmitt10.pfb><c:/Users/caldwellaaron/AppData/Roaming/TinyTeX/texmf-dist/fonts/type1/public/amsfonts/cm/cmmi10.pfb><c:/Users/caldwellaaron/AppData/Roaming/TinyTeX/texmf-dist/fonts/type1/public/amsfonts/cm/cmmi7.pfb><c:/Users/caldwellaaron/AppData/Roaming/TinyTeX/texmf-dist/fonts/type1/public/amsfonts/cm/cmmi8.pfb><c:/Users/caldwellaaron/AppData/Roaming/TinyTeX/texmf-dist/fonts/type1/public/amsfonts/cm/cmr10.pfb><c:/Users/caldwellaaron/AppData/Roaming/TinyTeX/texmf-dist/fonts/type1/public/amsfonts/cm/cmr12.pfb><c:/Users/caldwellaaron/AppData/Roaming/TinyTeX/texmf-dist/fonts/type1/public/amsfonts/cm/cmr6.pfb><c:/Users/caldwellaaron/AppData/Roaming/TinyTeX/texmf-dist/fonts/type1/public/amsfonts/cm/cmr8.pfb><c:/Users/caldwellaaron/AppData/Roaming/TinyTeX/texmf-dist/fonts/type1/public/amsfonts/cm/cmr9.pfb><c:/Users/caldwellaaron/AppData/Roaming/TinyTeX/texmf-dist/fonts/type1/public/amsfonts/cm/cmsy10.pfb><c:/Users/caldwellaaron/AppData/Roaming/TinyTeX/texmf-dist/fonts/type1/public/amsfonts/cm/cmti10.pfb><c:/Users/caldwellaaron/AppData/Roaming/TinyTeX/texmf-dist/fonts/type1/public/amsfonts/cm/cmtt10.pfb><c:/Users/caldwellaaron/AppData/Roaming/TinyTeX/texmf-dist/fonts/type1/public/amsfonts/cm/cmtt8.pfb>
Output written on Avocado_Update.pdf (39 pages, 390406 bytes).
PDF statistics:
 736 PDF objects out of 1000 (max. 8388607)
 640 compressed objects within 7 object streams
 137 named destinations out of 1000 (max. 500000)
 378 words of extra memory for PDF output out of 10000 (max. 10000000)

